{
  message: 'database connected for SPL',
  level: 'info',
  service: 'user-service',
  label: 'Ph University',
  timestamp: '2023-07-18T16:37:20.516Z'
}
{
  message: 'Application listening on port 5000',
  level: 'info',
  service: 'user-service',
  label: 'Ph University',
  timestamp: '2023-07-18T16:37:20.528Z'
}
{
  message: 'database connected for SPL',
  level: 'info',
  service: 'user-service',
  label: 'Ph University',
  timestamp: '2023-07-18T16:39:55.850Z'
}
{
  message: 'Application listening on port 5000',
  level: 'info',
  service: 'user-service',
  label: 'Ph University',
  timestamp: '2023-07-18T16:39:55.867Z'
}
{
  message: 'database connected for SPL',
  level: 'info',
  service: 'user-service',
  label: 'Ph University',
  timestamp: '2023-07-18T16:40:27.272Z'
}
{
  message: 'Application listening on port 5000',
  level: 'info',
  service: 'user-service',
  label: 'Ph University',
  timestamp: '2023-07-18T16:40:27.283Z'
}
{
  message: 'database connected for SPL',
  level: 'info',
  service: 'user-service',
  label: 'Ph University',
  timestamp: '2023-07-18T16:43:30.552Z'
}
{
  message: 'Application listening on port 5000',
  level: 'info',
  service: 'user-service',
  label: 'Ph University',
  timestamp: '2023-07-18T16:43:30.564Z'
}
{
  message: 'database connected for SPL',
  level: 'info',
  service: 'user-service',
  label: 'Ph University',
  timestamp: '2023-07-18T16:43:48.842Z'
}
{
  message: 'Application listening on port 5000',
  level: 'info',
  service: 'user-service',
  label: 'Ph University',
  timestamp: '2023-07-18T16:43:48.854Z'
}
{
  message: 'database connected for SPL',
  level: 'info',
  service: 'user-service',
  label: 'Ph University',
  timestamp: '2023-07-18T16:45:09.776Z'
}
{
  message: 'Application listening on port 5000',
  level: 'info',
  service: 'user-service',
  label: 'Ph University',
  timestamp: '2023-07-18T16:45:09.789Z'
}
{
  message: 'database connected for SPL',
  level: 'info',
  service: 'user-service',
  label: 'Ph University',
  timestamp: '2023-07-18T16:48:12.395Z'
}
{
  message: 'Application listening on port 5000',
  level: 'info',
  service: 'user-service',
  label: 'Ph University',
  timestamp: '2023-07-18T16:48:12.405Z'
}
