{
  message: 'database connected for SPL',
  level: 'info',
  service: 'user-service',
  label: 'Ph University',
  timestamp: '2023-07-20T12:12:11.806Z'
}
{
  message: 'Application listening on port 5000',
  level: 'info',
  service: 'user-service',
  label: 'Ph University',
  timestamp: '2023-07-20T12:12:11.825Z'
}
{
  message: 'database connected for SPL',
  level: 'info',
  service: 'user-service',
  label: 'Ph University',
  timestamp: '2023-07-20T12:15:21.781Z'
}
{
  message: 'Application listening on port 5000',
  level: 'info',
  service: 'user-service',
  label: 'Ph University',
  timestamp: '2023-07-20T12:15:21.802Z'
}
{
  message: 'database connected for SPL',
  level: 'info',
  service: 'user-service',
  label: 'Ph University',
  timestamp: '2023-07-20T12:16:20.042Z'
}
{
  message: 'Application listening on port 5000',
  level: 'info',
  service: 'user-service',
  label: 'Ph University',
  timestamp: '2023-07-20T12:16:20.072Z'
}
{
  message: 'database connected for SPL',
  level: 'info',
  service: 'user-service',
  label: 'Ph University',
  timestamp: '2023-07-20T12:20:16.842Z'
}
{
  message: 'Application listening on port 5000',
  level: 'info',
  service: 'user-service',
  label: 'Ph University',
  timestamp: '2023-07-20T12:20:16.871Z'
}
{
  message: 'database connected for SPL',
  level: 'info',
  service: 'user-service',
  label: 'Ph University',
  timestamp: '2023-07-20T12:23:29.915Z'
}
{
  message: 'Application listening on port 5000',
  level: 'info',
  service: 'user-service',
  label: 'Ph University',
  timestamp: '2023-07-20T12:23:29.937Z'
}
{
  message: 'database connected for SPL',
  level: 'info',
  service: 'user-service',
  label: 'Ph University',
  timestamp: '2023-07-20T12:30:14.110Z'
}
{
  message: 'Application listening on port 5000',
  level: 'info',
  service: 'user-service',
  label: 'Ph University',
  timestamp: '2023-07-20T12:30:14.132Z'
}
