{
  message: 'database connected for SPL',
  level: 'info',
  service: 'user-service',
  label: 'Ph University',
  timestamp: '2023-07-20T07:00:36.949Z'
}
{
  message: 'Application listening on port 5000',
  level: 'info',
  service: 'user-service',
  label: 'Ph University',
  timestamp: '2023-07-20T07:00:36.969Z'
}
{
  message: 'database connected for SPL',
  level: 'info',
  service: 'user-service',
  label: 'Ph University',
  timestamp: '2023-07-20T07:00:56.368Z'
}
{
  message: 'Application listening on port 5000',
  level: 'info',
  service: 'user-service',
  label: 'Ph University',
  timestamp: '2023-07-20T07:00:56.480Z'
}
{
  message: 'database connected for SPL',
  level: 'info',
  service: 'user-service',
  label: 'Ph University',
  timestamp: '2023-07-20T07:03:01.358Z'
}
{
  message: 'Application listening on port 5000',
  level: 'info',
  service: 'user-service',
  label: 'Ph University',
  timestamp: '2023-07-20T07:03:01.381Z'
}
{
  message: 'database connected for SPL',
  level: 'info',
  service: 'user-service',
  label: 'Ph University',
  timestamp: '2023-07-20T07:05:12.780Z'
}
{
  message: 'Application listening on port 5000',
  level: 'info',
  service: 'user-service',
  label: 'Ph University',
  timestamp: '2023-07-20T07:05:12.801Z'
}
{
  message: 'database connected for SPL',
  level: 'info',
  service: 'user-service',
  label: 'Ph University',
  timestamp: '2023-07-20T07:07:50.431Z'
}
{
  message: 'Application listening on port 5000',
  level: 'info',
  service: 'user-service',
  label: 'Ph University',
  timestamp: '2023-07-20T07:07:50.447Z'
}
{
  message: 'database connected for SPL',
  level: 'info',
  service: 'user-service',
  label: 'Ph University',
  timestamp: '2023-07-20T07:29:36.582Z'
}
{
  message: 'Application listening on port 5000',
  level: 'info',
  service: 'user-service',
  label: 'Ph University',
  timestamp: '2023-07-20T07:29:36.598Z'
}
{
  message: 'database connected for SPL',
  level: 'info',
  service: 'user-service',
  label: 'Ph University',
  timestamp: '2023-07-20T07:32:21.021Z'
}
{
  message: 'Application listening on port 5000',
  level: 'info',
  service: 'user-service',
  label: 'Ph University',
  timestamp: '2023-07-20T07:32:21.039Z'
}
{
  message: 'database connected for SPL',
  level: 'info',
  service: 'user-service',
  label: 'Ph University',
  timestamp: '2023-07-20T07:32:50.710Z'
}
{
  message: 'Application listening on port 5000',
  level: 'info',
  service: 'user-service',
  label: 'Ph University',
  timestamp: '2023-07-20T07:32:50.728Z'
}
{
  message: 'database connected for SPL',
  level: 'info',
  service: 'user-service',
  label: 'Ph University',
  timestamp: '2023-07-20T07:32:58.416Z'
}
{
  message: 'Application listening on port 5000',
  level: 'info',
  service: 'user-service',
  label: 'Ph University',
  timestamp: '2023-07-20T07:32:58.435Z'
}
{
  message: 'database connected for SPL',
  level: 'info',
  service: 'user-service',
  label: 'Ph University',
  timestamp: '2023-07-20T07:33:49.673Z'
}
{
  message: 'Application listening on port 5000',
  level: 'info',
  service: 'user-service',
  label: 'Ph University',
  timestamp: '2023-07-20T07:33:49.690Z'
}
{
  message: 'database connected for SPL',
  level: 'info',
  service: 'user-service',
  label: 'Ph University',
  timestamp: '2023-07-20T07:34:23.889Z'
}
{
  message: 'Application listening on port 5000',
  level: 'info',
  service: 'user-service',
  label: 'Ph University',
  timestamp: '2023-07-20T07:34:24.008Z'
}
{
  message: 'database connected for SPL',
  level: 'info',
  service: 'user-service',
  label: 'Ph University',
  timestamp: '2023-07-20T07:36:17.930Z'
}
{
  message: 'Application listening on port 5000',
  level: 'info',
  service: 'user-service',
  label: 'Ph University',
  timestamp: '2023-07-20T07:36:17.945Z'
}
{
  message: 'database connected for SPL',
  level: 'info',
  service: 'user-service',
  label: 'Ph University',
  timestamp: '2023-07-20T07:37:07.428Z'
}
{
  message: 'Application listening on port 5000',
  level: 'info',
  service: 'user-service',
  label: 'Ph University',
  timestamp: '2023-07-20T07:37:07.448Z'
}
{
  message: 'database connected for SPL',
  level: 'info',
  service: 'user-service',
  label: 'Ph University',
  timestamp: '2023-07-20T07:37:41.117Z'
}
{
  message: 'Application listening on port 5000',
  level: 'info',
  service: 'user-service',
  label: 'Ph University',
  timestamp: '2023-07-20T07:37:41.141Z'
}
{
  message: 'database connected for SPL',
  level: 'info',
  service: 'user-service',
  label: 'Ph University',
  timestamp: '2023-07-20T07:38:27.261Z'
}
{
  message: 'Application listening on port 5000',
  level: 'info',
  service: 'user-service',
  label: 'Ph University',
  timestamp: '2023-07-20T07:38:27.284Z'
}
{
  message: 'database connected for SPL',
  level: 'info',
  service: 'user-service',
  label: 'Ph University',
  timestamp: '2023-07-20T07:39:28.437Z'
}
{
  message: 'Application listening on port 5000',
  level: 'info',
  service: 'user-service',
  label: 'Ph University',
  timestamp: '2023-07-20T07:39:28.456Z'
}
{
  message: 'database connected for SPL',
  level: 'info',
  service: 'user-service',
  label: 'Ph University',
  timestamp: '2023-07-20T07:40:00.578Z'
}
{
  message: 'Application listening on port 5000',
  level: 'info',
  service: 'user-service',
  label: 'Ph University',
  timestamp: '2023-07-20T07:40:00.603Z'
}
{
  message: 'database connected for SPL',
  level: 'info',
  service: 'user-service',
  label: 'Ph University',
  timestamp: '2023-07-20T07:47:25.423Z'
}
{
  message: 'Application listening on port 5000',
  level: 'info',
  service: 'user-service',
  label: 'Ph University',
  timestamp: '2023-07-20T07:47:25.444Z'
}
{
  message: 'database connected for SPL',
  level: 'info',
  service: 'user-service',
  label: 'Ph University',
  timestamp: '2023-07-20T07:49:09.769Z'
}
{
  message: 'Application listening on port 5000',
  level: 'info',
  service: 'user-service',
  label: 'Ph University',
  timestamp: '2023-07-20T07:49:09.789Z'
}
{
  message: 'database connected for SPL',
  level: 'info',
  service: 'user-service',
  label: 'Ph University',
  timestamp: '2023-07-20T07:51:32.896Z'
}
{
  message: 'Application listening on port 5000',
  level: 'info',
  service: 'user-service',
  label: 'Ph University',
  timestamp: '2023-07-20T07:51:32.916Z'
}
{
  message: 'database connected for SPL',
  level: 'info',
  service: 'user-service',
  label: 'Ph University',
  timestamp: '2023-07-20T07:54:40.399Z'
}
{
  message: 'Application listening on port 5000',
  level: 'info',
  service: 'user-service',
  label: 'Ph University',
  timestamp: '2023-07-20T07:54:40.423Z'
}
