{
  message: 'database connected for SPL',
  level: 'info',
  service: 'user-service',
  label: 'Ph University',
  timestamp: '2023-07-20T11:08:29.217Z'
}
{
  message: 'Application listening on port 5000',
  level: 'info',
  service: 'user-service',
  label: 'Ph University',
  timestamp: '2023-07-20T11:08:29.235Z'
}
{
  message: 'database connected for SPL',
  level: 'info',
  service: 'user-service',
  label: 'Ph University',
  timestamp: '2023-07-20T11:09:06.718Z'
}
{
  message: 'Application listening on port 5000',
  level: 'info',
  service: 'user-service',
  label: 'Ph University',
  timestamp: '2023-07-20T11:09:06.742Z'
}
{
  message: 'database connected for SPL',
  level: 'info',
  service: 'user-service',
  label: 'Ph University',
  timestamp: '2023-07-20T11:09:22.335Z'
}
{
  message: 'Application listening on port 5000',
  level: 'info',
  service: 'user-service',
  label: 'Ph University',
  timestamp: '2023-07-20T11:09:22.354Z'
}
{
  message: 'database connected for SPL',
  level: 'info',
  service: 'user-service',
  label: 'Ph University',
  timestamp: '2023-07-20T11:10:26.981Z'
}
{
  message: 'Application listening on port 5000',
  level: 'info',
  service: 'user-service',
  label: 'Ph University',
  timestamp: '2023-07-20T11:10:26.999Z'
}
{
  message: 'database connected for SPL',
  level: 'info',
  service: 'user-service',
  label: 'Ph University',
  timestamp: '2023-07-20T11:10:34.078Z'
}
{
  message: 'Application listening on port 5000',
  level: 'info',
  service: 'user-service',
  label: 'Ph University',
  timestamp: '2023-07-20T11:10:34.101Z'
}
{
  message: 'database connected for SPL',
  level: 'info',
  service: 'user-service',
  label: 'Ph University',
  timestamp: '2023-07-20T11:11:17.835Z'
}
{
  message: 'Application listening on port 5000',
  level: 'info',
  service: 'user-service',
  label: 'Ph University',
  timestamp: '2023-07-20T11:11:17.857Z'
}
{
  message: 'database connected for SPL',
  level: 'info',
  service: 'user-service',
  label: 'Ph University',
  timestamp: '2023-07-20T11:11:54.421Z'
}
{
  message: 'Application listening on port 5000',
  level: 'info',
  service: 'user-service',
  label: 'Ph University',
  timestamp: '2023-07-20T11:11:54.442Z'
}
{
  message: 'database connected for SPL',
  level: 'info',
  service: 'user-service',
  label: 'Ph University',
  timestamp: '2023-07-20T11:12:44.458Z'
}
{
  message: 'Application listening on port 5000',
  level: 'info',
  service: 'user-service',
  label: 'Ph University',
  timestamp: '2023-07-20T11:12:44.481Z'
}
{
  message: 'database connected for SPL',
  level: 'info',
  service: 'user-service',
  label: 'Ph University',
  timestamp: '2023-07-20T11:13:51.878Z'
}
{
  message: 'Application listening on port 5000',
  level: 'info',
  service: 'user-service',
  label: 'Ph University',
  timestamp: '2023-07-20T11:13:51.899Z'
}
{
  message: 'database connected for SPL',
  level: 'info',
  service: 'user-service',
  label: 'Ph University',
  timestamp: '2023-07-20T11:13:58.794Z'
}
{
  message: 'Application listening on port 5000',
  level: 'info',
  service: 'user-service',
  label: 'Ph University',
  timestamp: '2023-07-20T11:13:58.813Z'
}
{
  message: 'database connected for SPL',
  level: 'info',
  service: 'user-service',
  label: 'Ph University',
  timestamp: '2023-07-20T11:25:33.895Z'
}
{
  message: 'Application listening on port 5000',
  level: 'info',
  service: 'user-service',
  label: 'Ph University',
  timestamp: '2023-07-20T11:25:33.917Z'
}
{
  message: 'database connected for SPL',
  level: 'info',
  service: 'user-service',
  label: 'Ph University',
  timestamp: '2023-07-20T11:25:41.388Z'
}
{
  message: 'Application listening on port 5000',
  level: 'info',
  service: 'user-service',
  label: 'Ph University',
  timestamp: '2023-07-20T11:25:41.411Z'
}
{
  message: 'database connected for SPL',
  level: 'info',
  service: 'user-service',
  label: 'Ph University',
  timestamp: '2023-07-20T11:29:24.802Z'
}
{
  message: 'Application listening on port 5000',
  level: 'info',
  service: 'user-service',
  label: 'Ph University',
  timestamp: '2023-07-20T11:29:24.825Z'
}
{
  message: 'database connected for SPL',
  level: 'info',
  service: 'user-service',
  label: 'Ph University',
  timestamp: '2023-07-20T11:47:02.348Z'
}
{
  message: 'Application listening on port 5000',
  level: 'info',
  service: 'user-service',
  label: 'Ph University',
  timestamp: '2023-07-20T11:47:02.368Z'
}
